12:28:48:356 [ALWAYS]	GUDE Logging Started
12:28:48:357 [INFO]	SqliteResumeCache::SqliteResumeCache basedirectory is null/empty
12:28:48:357 [ERROR]	SqliteResumeCache::CreateSqliteResumeCache creating resume cache pointer failure
12:28:48:357 [ERROR]	Initialize resume cache pointer failure
12:28:48:357 [INFO]	gude policy POLICY_USER limit (2,2,1) chunk 2097152, chunking (UL 0 DL 1), resXfer 1, adapt 0, NSURL 0, timeout 86400 
12:28:48:357 [INFO]	Initialized -- gude-lib version: v0.12.1 app: gude
12:28:50:752 [WARN]	Ignoring attempt to reinit logging to \gude at level 4 retaining 3 days of logs
12:28:50:752 [INFO]	SqliteResumeCache::SqliteResumeCache basedirectory is null/empty
12:28:50:752 [ERROR]	SqliteResumeCache::CreateSqliteResumeCache creating resume cache pointer failure
12:28:50:752 [ERROR]	Initialize resume cache pointer failure
12:28:50:752 [INFO]	gude policy POLICY_USER limit (4,4,1) chunk 2097152, chunking (UL 0 DL 1), resXfer 1, adapt 0, NSURL 1, timeout 86400 
12:28:50:752 [INFO]	Initialized -- gude-lib version: v0.12.1 app: gude
12:33:13:039 [ALWAYS]	GUDE Logging Started
12:33:13:039 [INFO]	SqliteResumeCache::SqliteResumeCache basedirectory is null/empty
12:33:13:040 [ERROR]	SqliteResumeCache::CreateSqliteResumeCache creating resume cache pointer failure
12:33:13:040 [ERROR]	Initialize resume cache pointer failure
12:33:13:040 [INFO]	gude policy POLICY_USER limit (2,2,1) chunk 2097152, chunking (UL 0 DL 1), resXfer 1, adapt 0, NSURL 0, timeout 86400 
12:33:13:040 [INFO]	Initialized -- gude-lib version: v0.12.1 app: gude
12:33:14:547 [WARN]	Ignoring attempt to reinit logging to \gude at level 4 retaining 3 days of logs
12:33:14:547 [INFO]	SqliteResumeCache::SqliteResumeCache basedirectory is null/empty
12:33:14:547 [ERROR]	SqliteResumeCache::CreateSqliteResumeCache creating resume cache pointer failure
12:33:14:547 [ERROR]	Initialize resume cache pointer failure
12:33:14:547 [INFO]	gude policy POLICY_USER limit (4,4,1) chunk 2097152, chunking (UL 0 DL 1), resXfer 1, adapt 0, NSURL 1, timeout 86400 
12:33:14:547 [INFO]	Initialized -- gude-lib version: v0.12.1 app: gude
